Using pre-set license
Built from '2020.3/staging' branch; Version is '2020.3.17f1 (a4537701e4ab) revision 10769271'; Using compiler version '192528614'; Build Type 'Release'
OS: 'Windows 10 Home Single Language; OS build 19042.1288; Version 2009; 64bit' Language: 'es' Physical Memory: 4011 MB
BatchMode: 1, IsHumanControllingUs: 0, StartBugReporterOnCrash: 0, Is64bit: 1, IsPro: 0

COMMAND LINE ARGUMENTS:
C:\Program Files\Unity\Hub\Editor\2020.3.17f1\Editor\Unity.exe
-adb2
-batchMode
-noUpm
-name
AssetImportWorker5
-projectPath
C:/Users/produ/Documents/7mo SEMESTRE/Motor de videojuegos/Proyectos Unity/examen_2do_parcial/Examen Parcial 2
-logFile
Logs/AssetImportWorker5.log
-srvPort
60435
Successfully changed project path to: C:/Users/produ/Documents/7mo SEMESTRE/Motor de videojuegos/Proyectos Unity/examen_2do_parcial/Examen Parcial 2
C:/Users/produ/Documents/7mo SEMESTRE/Motor de videojuegos/Proyectos Unity/examen_2do_parcial/Examen Parcial 2
Using Asset Import Pipeline V2.
